This is pdfTeX, Version 3.141592653-2.6-1.40.22 (MiKTeX 21.2) (preloaded format=pdflatex 2021.4.25)  11 DEC 2021 00:55
entering extended mode
**./refman.tex
(refman.tex
LaTeX2e <2020-10-01> patch level 4
L3 programming layer <2021-02-18> xparse <2020-03-03>
(C:\Users\ncpd\AppData\Local\Programs\MiKTeX\tex/latex/base\book.cls
Document Class: book 2020/04/10 v1.4m Standard LaTeX document class
(C:\Users\ncpd\AppData\Local\Programs\MiKTeX\tex/latex/base\bk10.clo
File: bk10.clo 2020/04/10 v1.4m Standard LaTeX file (size option)
)
\c@part=\count179
\c@chapter=\count180
\c@section=\count181
\c@subsection=\count182
\c@subsubsection=\count183
\c@paragraph=\count184
\c@subparagraph=\count185
\c@figure=\count186
\c@table=\count187
\abovecaptionskip=\skip47
\belowcaptionskip=\skip48
\bibindent=\dimen138
)
(C:\Users\ncpd\AppData\Local\Programs\MiKTeX\tex/latex/base\ifthen.sty
Package: ifthen 2014/09/29 v1.1c Standard LaTeX ifthen package (DPC)
)
(C:\Users\ncpd\AppData\Local\Programs\MiKTeX\tex/latex/latex-tools\array.sty
Rollback for package 'array' requested -> date 2016-10-06.
         Best approximation is the release introduced on 2016-10-06.

(C:\Users\ncpd\AppData\Local\Programs\MiKTeX\tex/latex/latex-tools\array-2016-1
0-06.sty
Package: array 2016/10/06 v2.4d Tabular extension package (FMi)
\col@sep=\dimen139
\extrarowheight=\dimen140
\NC@list=\toks15
\extratabsurround=\skip49
\backup@length=\skip50
))
(C:\Users\ncpd\AppData\Local\Programs\MiKTeX\tex/latex/base\fixltx2e.sty
Package: fixltx2e 2016/12/29 v2.1a fixes to LaTeX (obsolete)
Applying: [2015/01/01] Old fixltx2e package on input line 46.


Package fixltx2e Warning: fixltx2e is not required with releases after 2015
(fixltx2e)                All fixes are now in the LaTeX kernel.
(fixltx2e)                See the latexrelease package for details.

Already applied: [0000/00/00] Old fixltx2e package on input line 53.
) (doxygen.sty
Package: doxygen 

(C:\Users\ncpd\AppData\Local\Programs\MiKTeX\tex/latex/base\alltt.sty
Package: alltt 1997/06/16 v2.0g defines alltt environment
)
(C:\Users\ncpd\AppData\Local\Programs\MiKTeX\tex/latex/latex-tools\calc.sty
Package: calc 2017/05/25 v4.3 Infix arithmetic (KKT,FJ)
\calc@Acount=\count188
\calc@Bcount=\count189
\calc@Adimen=\dimen141
\calc@Bdimen=\dimen142
\calc@Askip=\skip51
\calc@Bskip=\skip52
LaTeX Info: Redefining \setlength on input line 80.
LaTeX Info: Redefining \addtolength on input line 81.
\calc@Ccount=\count190
\calc@Cskip=\skip53
)
(C:\Users\ncpd\AppData\Local\Programs\MiKTeX\tex/latex/float\float.sty
Package: float 2001/11/08 v1.3d Float enhancements (AL)
\c@float@type=\count191
\float@exts=\toks16
\float@box=\box47
\@float@everytoks=\toks17
\@floatcapt=\box48
)
(C:\Users\ncpd\AppData\Local\Programs\MiKTeX\tex/latex/latex-tools\verbatim.sty
Package: verbatim 2020-07-07 v1.5u LaTeX2e package for verbatim enhancements
\every@verbatim=\toks18
\verbatim@line=\toks19
\verbatim@in@stream=\read2
) (C:\Users\ncpd\AppData\Local\Programs\MiKTeX\tex/latex/xcolor\xcolor.sty
Package: xcolor 2016/05/11 v2.12 LaTeX color extensions (UK)

(C:\Users\ncpd\AppData\Local\Programs\MiKTeX\tex/latex/graphics-cfg\color.cfg
File: color.cfg 2016/01/02 v1.6 sample color configuration
)
Package xcolor Info: Driver file: pdftex.def on input line 225.

(C:\Users\ncpd\AppData\Local\Programs\MiKTeX\tex/latex/graphics-def\pdftex.def
File: pdftex.def 2020/10/05 v1.2a Graphics/color driver for pdftex
) (C:\Users\ncpd\AppData\Local\Programs\MiKTeX\tex/latex/colortbl\colortbl.sty
Package: colortbl 2020/01/04 v1.0e Color table columns (DPC)
\everycr=\toks20
\minrowclearance=\skip54
)
\rownum=\count192
Package xcolor Info: Model `cmy' substituted by `cmy0' on input line 1348.
Package xcolor Info: Model `hsb' substituted by `rgb' on input line 1352.
Package xcolor Info: Model `RGB' extended on input line 1364.
Package xcolor Info: Model `HTML' substituted by `rgb' on input line 1366.
Package xcolor Info: Model `Hsb' substituted by `hsb' on input line 1367.
Package xcolor Info: Model `tHsb' substituted by `hsb' on input line 1368.
Package xcolor Info: Model `HSB' substituted by `hsb' on input line 1369.
Package xcolor Info: Model `Gray' substituted by `gray' on input line 1370.
Package xcolor Info: Model `wave' substituted by `hsb' on input line 1371.
) (longtable_doxygen.sty
Package: longtable_doxygen 2014/10/28 v4.11 Multi-page Table package (DPC) - fr
ozen version for doxygen
\LTleft=\skip55
\LTright=\skip56
\LTpre=\skip57
\LTpost=\skip58
\LTchunksize=\count193
\LTcapwidth=\dimen143
\LT@head=\box49
\LT@firsthead=\box50
\LT@foot=\box51
\LT@lastfoot=\box52
\LT@cols=\count194
\LT@rows=\count195
\c@LT@tables=\count196
\c@LT@chunks=\count197
\LT@p@ftn=\toks21
) (tabu_doxygen.sty
Package: tabu_doxygen 2011/02/26 v2.8 - flexible LaTeX tabulars (FC), frozen ve
rsion for doxygen

(C:\Users\ncpd\AppData\Local\Programs\MiKTeX\tex/latex/varwidth\varwidth.sty
Package: varwidth 2009/03/30 ver 0.92;  Variable-width minipages
\@vwid@box=\box53
\sift@deathcycles=\count198
\@vwid@loff=\dimen144
\@vwid@roff=\dimen145
)
\c@taburow=\count199
\tabu@nbcols=\count266
\tabu@cnt=\count267
\tabu@Xcol=\count268
\tabu@alloc=\count269
\tabu@nested=\count270
\tabu@target=\dimen146
\tabu@spreadtarget=\dimen147
\tabu@naturalX=\dimen148
\tabucolX=\dimen149
\tabu@Xsum=\dimen150
\extrarowdepth=\dimen151
\abovetabulinesep=\dimen152
\belowtabulinesep=\dimen153
\tabustrutrule=\dimen154
\tabu@thebody=\toks22
\tabu@footnotes=\toks23
\tabu@box=\box54
\tabu@arstrutbox=\box55
\tabu@hleads=\box56
\tabu@vleads=\box57
\tabu@cellskip=\skip59
)
(C:\Users\ncpd\AppData\Local\Programs\MiKTeX\tex/latex/fancyvrb\fancyvrb.sty
Package: fancyvrb 2021/01/20 v3.7 verbatim text (tvz,hv)

(C:\Users\ncpd\AppData\Local\Programs\MiKTeX\tex/latex/graphics\keyval.sty
Package: keyval 2014/10/28 v1.15 key=value parser (DPC)
\KV@toks@=\toks24
)
\FV@CodeLineNo=\count271
\FV@InFile=\read3
\FV@TabBox=\box58
\c@FancyVerbLine=\count272
\FV@StepNumber=\count273
\FV@OutFile=\write3
)
(C:\Users\ncpd\AppData\Local\Programs\MiKTeX\tex/latex/latex-tools\tabularx.sty
Package: tabularx 2020/01/15 v2.11c `tabularx' package (DPC)
\TX@col@width=\dimen155
\TX@old@table=\dimen156
\TX@old@col=\dimen157
\TX@target=\dimen158
\TX@delta=\dimen159
\TX@cols=\count274
\TX@ftn=\toks25
)
(C:\Users\ncpd\AppData\Local\Programs\MiKTeX\tex/latex/latex-tools\multicol.sty
Package: multicol 2019/12/09 v1.8y multicolumn formatting (FMi)
\c@tracingmulticols=\count275
\mult@box=\box59
\multicol@leftmargin=\dimen160
\c@unbalance=\count276
\c@collectmore=\count277
\doublecol@number=\count278
\multicoltolerance=\count279
\multicolpretolerance=\count280
\full@width=\dimen161
\page@free=\dimen162
\premulticols=\dimen163
\postmulticols=\dimen164
\multicolsep=\skip60
\multicolbaselineskip=\skip61
\partial@page=\box60
\last@line=\box61
\maxbalancingoverflow=\dimen165
\mult@rightbox=\box62
\mult@grightbox=\box63
\mult@gfirstbox=\box64
\mult@firstbox=\box65
\@tempa=\box66
\@tempa=\box67
\@tempa=\box68
\@tempa=\box69
\@tempa=\box70
\@tempa=\box71
\@tempa=\box72
\@tempa=\box73
\@tempa=\box74
\@tempa=\box75
\@tempa=\box76
\@tempa=\box77
\@tempa=\box78
\@tempa=\box79
\@tempa=\box80
\@tempa=\box81
\@tempa=\box82
\@tempa=\box83
\@tempa=\box84
\@tempa=\box85
\@tempa=\box86
\@tempa=\box87
\@tempa=\box88
\@tempa=\box89
\@tempa=\box90
\@tempa=\box91
\@tempa=\box92
\@tempa=\box93
\@tempa=\box94
\@tempa=\box95
\@tempa=\box96
\@tempa=\box97
\@tempa=\box98
\@tempa=\box99
\@tempa=\box100
\@tempa=\box101
\@tempa=\box102
\c@minrows=\count281
\c@columnbadness=\count282
\c@finalcolumnbadness=\count283
\last@try=\dimen166
\multicolovershoot=\dimen167
\multicolundershoot=\dimen168
\mult@nat@firstbox=\box103
\colbreak@box=\box104
\mc@col@check@num=\count284
) (C:\Users\ncpd\AppData\Local\Programs\MiKTeX\tex/latex/multirow\multirow.sty
Package: multirow 2021/03/15 v2.8 Span multiple rows of a table
\multirow@colwidth=\skip62
\multirow@cntb=\count285
\multirow@dima=\skip63
\bigstrutjot=\dimen169
) (C:\Users\ncpd\AppData\Local\Programs\MiKTeX\tex/latex/hanging\hanging.sty
Package: hanging 2009/09/02 v1.2b hanging paragraphs and punctuation
\h@ngcommawd=\skip64
\h@ngfstopwd=\skip65
\h@ngquotewd=\skip66
\h@ngdquotewd=\skip67
\h@ngquerywd=\skip68
\h@ngexclwd=\skip69
\h@ngcolonwd=\skip70
\h@ngscolonwd=\skip71
)
(C:\Users\ncpd\AppData\Local\Programs\MiKTeX\tex/generic/iftex\ifpdf.sty
Package: ifpdf 2019/10/25 v3.4 ifpdf legacy package. Use iftex instead.

(C:\Users\ncpd\AppData\Local\Programs\MiKTeX\tex/generic/iftex\iftex.sty
Package: iftex 2020/03/06 v1.0d TeX engine tests
))
(C:\Users\ncpd\AppData\Local\Programs\MiKTeX\tex/latex/adjustbox\adjustbox.sty
Package: adjustbox 2020/08/19 v1.3 Adjusting TeX boxes (trim, clip, ...)

(C:\Users\ncpd\AppData\Local\Programs\MiKTeX\tex/latex/xkeyval\xkeyval.sty
Package: xkeyval 2020/11/20 v2.8 package option processing (HA)

(C:\Users\ncpd\AppData\Local\Programs\MiKTeX\tex/generic/xkeyval\xkeyval.tex
(C:\Users\ncpd\AppData\Local\Programs\MiKTeX\tex/generic/xkeyval\xkvutils.tex
\XKV@toks=\toks26
\XKV@tempa@toks=\toks27
)
\XKV@depth=\count286
File: xkeyval.tex 2014/12/03 v2.7a key=value parser (HA)
)) (C:\Users\ncpd\AppData\Local\Programs\MiKTeX\tex/latex/adjustbox\adjcalc.sty
Package: adjcalc 2012/05/16 v1.1 Provides advanced setlength with multiple back
-ends (calc, etex, pgfmath)
) (C:\Users\ncpd\AppData\Local\Programs\MiKTeX\tex/latex/adjustbox\trimclip.sty
Package: trimclip 2020/08/19 v1.2 Trim and clip general TeX material

(C:\Users\ncpd\AppData\Local\Programs\MiKTeX\tex/latex/graphics\graphicx.sty
Package: graphicx 2020/09/09 v1.2b Enhanced LaTeX Graphics (DPC,SPQR)

(C:\Users\ncpd\AppData\Local\Programs\MiKTeX\tex/latex/graphics\graphics.sty
Package: graphics 2020/08/30 v1.4c Standard LaTeX Graphics (DPC,SPQR)

(C:\Users\ncpd\AppData\Local\Programs\MiKTeX\tex/latex/graphics\trig.sty
Package: trig 2016/01/03 v1.10 sin cos tan (DPC)
)
(C:\Users\ncpd\AppData\Local\Programs\MiKTeX\tex/latex/graphics-cfg\graphics.cf
g
File: graphics.cfg 2016/06/04 v1.11 sample graphics configuration
)
Package graphics Info: Driver file: pdftex.def on input line 105.
)
\Gin@req@height=\dimen170
\Gin@req@width=\dimen171
)
(C:\Users\ncpd\AppData\Local\Programs\MiKTeX\tex/latex/collectbox\collectbox.st
y
Package: collectbox 2012/05/17 v0.4b Collect macro arguments as boxes
\collectedbox=\box105
)
\tc@llx=\dimen172
\tc@lly=\dimen173
\tc@urx=\dimen174
\tc@ury=\dimen175
Package trimclip Info: Using driver 'tc-pdftex.def'.

(C:\Users\ncpd\AppData\Local\Programs\MiKTeX\tex/latex/adjustbox\tc-pdftex.def
File: tc-pdftex.def 2019/01/04 v2.2 Clipping driver for pdftex
))
\adjbox@Width=\dimen176
\adjbox@Height=\dimen177
\adjbox@Depth=\dimen178
\adjbox@Totalheight=\dimen179
\adjbox@pwidth=\dimen180
\adjbox@pheight=\dimen181
\adjbox@pdepth=\dimen182
\adjbox@ptotalheight=\dimen183

(C:\Users\ncpd\AppData\Local\Programs\MiKTeX\tex/latex/ifoddpage\ifoddpage.sty
Package: ifoddpage 2016/04/23 v1.1 Conditionals for odd/even page detection
\c@checkoddpage=\count287
)) (C:\Users\ncpd\AppData\Local\Programs\MiKTeX\tex/latex/amsfonts\amssymb.sty
Package: amssymb 2013/01/14 v3.01 AMS font symbols

(C:\Users\ncpd\AppData\Local\Programs\MiKTeX\tex/latex/amsfonts\amsfonts.sty
Package: amsfonts 2013/01/14 v3.01 Basic AMSFonts support
\@emptytoks=\toks28
\symAMSa=\mathgroup4
\symAMSb=\mathgroup5
LaTeX Font Info:    Redeclaring math symbol \hbar on input line 98.
LaTeX Font Info:    Overwriting math alphabet `\mathfrak' in version `bold'
(Font)                  U/euf/m/n --> U/euf/b/n on input line 106.
))
(C:\Users\ncpd\AppData\Local\Programs\MiKTeX\tex/latex/stackengine\stackengine.
sty
Package: stackengine 2021/07/22 v4.11\ Stacking text and objects in convenient 
ways

(C:\Users\ncpd\AppData\Local\Programs\MiKTeX\tex/latex/etoolbox\etoolbox.sty
Package: etoolbox 2020/10/05 v2.5k e-TeX tools for LaTeX (JAW)
\etb@tempcnta=\count288
)
(C:\Users\ncpd\AppData\Local\Programs\MiKTeX\tex/latex/listofitems\listofitems.
sty
(C:\Users\ncpd\AppData\Local\Programs\MiKTeX\tex/generic/listofitems\listofitem
s.tex
\loi_cnt_foreach_nest=\count289
\loi_nestcnt=\count290
)
Package: listofitems 2019/08/21 v1.63 Grab items in lists using user-specified 
sep char (CT)
)
\c@@stackindex=\count291
\@boxshift=\skip72
\stack@tmplength=\skip73
\temp@stkl=\skip74
\@stackedboxwidth=\skip75
\@addedbox=\box106
\@anchorbox=\box107
\@insetbox=\box108
\se@backgroundbox=\box109
\stackedbox=\box110
\@centerbox=\box111
\c@ROWcellindex@=\count292
)
(C:\Users\ncpd\AppData\Local\Programs\MiKTeX\tex/latex/enumitem\enumitem.sty
Package: enumitem 2019/06/20 v3.9 Customized lists
\labelindent=\skip76
\enit@outerparindent=\dimen184
\enit@toks=\toks29
\enit@inbox=\box112
\enit@count@id=\count293
\enitdp@description=\count294
)
(C:\Users\ncpd\AppData\Local\Programs\MiKTeX\tex/generic/alphalph\alphalph.sty
Package: alphalph 2019/12/09 v2.6 Convert numbers to letters (HO)

(C:\Users\ncpd\AppData\Local\Programs\MiKTeX\tex/generic/infwarerr\infwarerr.st
y
Package: infwarerr 2019/12/03 v1.5 Providing info/warning/error messages (HO)
) (C:\Users\ncpd\AppData\Local\Programs\MiKTeX\tex/generic/intcalc\intcalc.sty
Package: intcalc 2019/12/15 v1.3 Expandable calculations with integers (HO)
)) (C:\Users\ncpd\AppData\Local\Programs\MiKTeX\tex/latex/ulem\ulem.sty
\UL@box=\box113
\UL@hyphenbox=\box114
\UL@skip=\skip77
\UL@hook=\toks30
\UL@height=\dimen185
\UL@pe=\count295
\UL@pixel=\dimen186
\ULC@box=\box115
Package: ulem 2019/11/18
\ULdepth=\dimen187
)
\xrefbox=\box116
\xreflength=\skip78
\CodeWidthChar=\skip79
\CodeHeightChar=\skip80
\DoxyCodeWidth=\skip81
)
(C:\Users\ncpd\AppData\Local\Programs\MiKTeX\tex/latex/base\inputenc.sty
Package: inputenc 2020/08/01 v1.3d Input encoding file
\inpenc@prehook=\toks31
\inpenc@posthook=\toks32
)
(C:\Users\ncpd\AppData\Local\Programs\MiKTeX\tex/latex/base\makeidx.sty
Package: makeidx 2014/09/29 v1.0m Standard LaTeX package
)
(C:\Users\ncpd\AppData\Local\Programs\MiKTeX\tex/latex/base\textcomp.sty
Package: textcomp 2020/02/02 v2.0n Standard LaTeX package
)
(C:\Users\ncpd\AppData\Local\Programs\MiKTeX\tex/latex/wasysym\wasysym.sty
Package: wasysym 2020/01/19 v2.4 Wasy-2 symbol support package
\symwasy=\mathgroup6
LaTeX Font Info:    Overwriting symbol font `wasy' in version `bold'
(Font)                  U/wasy/m/n --> U/wasy/b/n on input line 93.
)
(C:\Users\ncpd\AppData\Local\Programs\MiKTeX\tex/generic/iftex\ifxetex.sty
Package: ifxetex 2019/10/25 v0.7 ifxetex legacy package. Use iftex instead.
)
(C:\Users\ncpd\AppData\Local\Programs\MiKTeX\tex/latex/base\fontenc.sty
Package: fontenc 2020/08/10 v2.0s Standard LaTeX package
)
(C:\Users\ncpd\AppData\Local\Programs\MiKTeX\tex/latex/psnfss\helvet.sty
Package: helvet 2020/03/25 PSNFSS-v9.3 (WaS) 
)
(C:\Users\ncpd\AppData\Local\Programs\MiKTeX\tex/latex/psnfss\courier.sty
Package: courier 2020/03/25 PSNFSS-v9.3 (WaS) 
)
(C:\Users\ncpd\AppData\Local\Programs\MiKTeX\tex/latex/sectsty\sectsty.sty
Package: sectsty 2002/02/25 v2.0.2 Commands to change all sectional heading sty
les


LaTeX Warning: Command \underbar  has changed.
               Check if current package is valid.


LaTeX Warning: Command \underline  has changed.
               Check if current package is valid.

) (C:\Users\ncpd\AppData\Local\Programs\MiKTeX\tex/latex/geometry\geometry.sty
Package: geometry 2020/01/02 v5.9 Page Geometry

(C:\Users\ncpd\AppData\Local\Programs\MiKTeX\tex/generic/iftex\ifvtex.sty
Package: ifvtex 2019/10/25 v1.7 ifvtex legacy package. Use iftex instead.
)
\Gm@cnth=\count296
\Gm@cntv=\count297
\c@Gm@tempcnt=\count298
\Gm@bindingoffset=\dimen188
\Gm@wd@mp=\dimen189
\Gm@odd@mp=\dimen190
\Gm@even@mp=\dimen191
\Gm@layoutwidth=\dimen192
\Gm@layoutheight=\dimen193
\Gm@layouthoffset=\dimen194
\Gm@layoutvoffset=\dimen195
\Gm@dimlist=\toks33

(C:\Users\ncpd\AppData\Local\Programs\MiKTeX\tex/latex/geometry\geometry.cfg))
(C:\Users\ncpd\AppData\Local\Programs\MiKTeX\tex/latex/fancyhdr\fancyhdr.sty
Package: fancyhdr 2021/01/28 v4.0.1 Extensive control of page headers and foote
rs
\f@nch@headwidth=\skip82
\f@nch@O@elh=\skip83
\f@nch@O@erh=\skip84
\f@nch@O@olh=\skip85
\f@nch@O@orh=\skip86
\f@nch@O@elf=\skip87
\f@nch@O@erf=\skip88
\f@nch@O@olf=\skip89
\f@nch@O@orf=\skip90
)
(C:\Users\ncpd\AppData\Local\Programs\MiKTeX\tex/latex/natbib\natbib.sty
Package: natbib 2010/09/13 8.31b (PWD, AO)
\bibhang=\skip91
\bibsep=\skip92
LaTeX Info: Redefining \cite on input line 694.
\c@NAT@ctr=\count299
)
(C:\Users\ncpd\AppData\Local\Programs\MiKTeX\tex/latex/tocloft\tocloft.sty
Package: tocloft 2017/08/31 v2.3i parameterised ToC, etc., typesetting
Package tocloft Info: The document has chapter divisions on input line 51.
\cftparskip=\skip93
\cftbeforetoctitleskip=\skip94
\cftaftertoctitleskip=\skip95
\cftbeforepartskip=\skip96
\cftpartnumwidth=\skip97
\cftpartindent=\skip98
\cftbeforechapskip=\skip99
\cftchapindent=\skip100
\cftchapnumwidth=\skip101
\cftbeforesecskip=\skip102
\cftsecindent=\skip103
\cftsecnumwidth=\skip104
\cftbeforesubsecskip=\skip105
\cftsubsecindent=\skip106
\cftsubsecnumwidth=\skip107
\cftbeforesubsubsecskip=\skip108
\cftsubsubsecindent=\skip109
\cftsubsubsecnumwidth=\skip110
\cftbeforeparaskip=\skip111
\cftparaindent=\skip112
\cftparanumwidth=\skip113
\cftbeforesubparaskip=\skip114
\cftsubparaindent=\skip115
\cftsubparanumwidth=\skip116
\cftbeforeloftitleskip=\skip117
\cftafterloftitleskip=\skip118
\cftbeforefigskip=\skip119
\cftfigindent=\skip120
\cftfignumwidth=\skip121
\c@lofdepth=\count300
\c@lotdepth=\count301
\cftbeforelottitleskip=\skip122
\cftafterlottitleskip=\skip123
\cftbeforetabskip=\skip124
\cfttabindent=\skip125
\cfttabnumwidth=\skip126
)
\@indexfile=\write4
\openout4 = `refman.idx'.


Writing index file refman.idx

(C:\Users\ncpd\AppData\Local\Programs\MiKTeX\tex/latex/newunicodechar\newunicod
echar.sty
Package: newunicodechar 2018/04/08 v1.2 Defining Unicode characters
)

Package newunicodechar Warning: Redefining Unicode character on input line 116.



Package newunicodechar Warning: Redefining Unicode character on input line 117.


(C:\Users\ncpd\AppData\Local\Programs\MiKTeX\tex/latex/caption\caption.sty
Package: caption 2020/10/26 v3.5g Customizing captions (AR)

(C:\Users\ncpd\AppData\Local\Programs\MiKTeX\tex/latex/caption\caption3.sty
Package: caption3 2020/10/21 v2.2e caption3 kernel (AR)
\captionmargin=\dimen196
\captionmargin@=\dimen197
\captionwidth=\dimen198
\caption@tempdima=\dimen199
\caption@indent=\dimen256
\caption@parindent=\dimen257
\caption@hangindent=\dimen258
Package caption Info: Standard document class detected.
)
\c@caption@flags=\count302
\c@continuedfloat=\count303
Package caption Info: float package is loaded.
Package caption Info: longtable package is loaded.

(C:\Users\ncpd\AppData\Local\Programs\MiKTeX\tex/latex/caption\ltcaption.sty
Package: ltcaption 2020/05/30 v1.4b longtable captions (AR)
))
(C:\Users\ncpd\AppData\Local\Programs\MiKTeX\tex/latex/etoc\etoc.sty
Package: etoc 2021/09/23 v1.09e Completely customisable TOCs (JFB)
\Etoc@toctoks=\toks34
\c@etoc@tocid=\count304
\c@etoc@tocdepth=\count305
\etoc@framed@titlebox=\box117
\etoc@framed@contentsbox=\box118
)
LaTeX Font Info:    Trying to load font information for T1+phv on input line 13
4.

(C:\Users\ncpd\AppData\Local\Programs\MiKTeX\tex/latex/psnfss\t1phv.fd
File: t1phv.fd 2020/03/25 scalable font definitions for T1/phv.
)
LaTeX Font Info:    Font shape `T1/phv/m/n' will be
(Font)              scaled to size 8.99994pt on input line 134.

(C:\Users\ncpd\AppData\Local\Programs\MiKTeX\tex/latex/l3backend\l3backend-pdft
ex.def
File: l3backend-pdftex.def 2021-02-18 L3 backend support: PDF output (pdfTeX)
\l__color_backend_stack_int=\count306
\l__pdf_internal_box=\box119
) (refman.aux)
\openout1 = `refman.aux'.

LaTeX Font Info:    Checking defaults for OML/cmm/m/it on input line 134.
LaTeX Font Info:    ... okay on input line 134.
LaTeX Font Info:    Checking defaults for OMS/cmsy/m/n on input line 134.
LaTeX Font Info:    ... okay on input line 134.
LaTeX Font Info:    Checking defaults for OT1/cmr/m/n on input line 134.
LaTeX Font Info:    ... okay on input line 134.
LaTeX Font Info:    Checking defaults for T1/cmr/m/n on input line 134.
LaTeX Font Info:    ... okay on input line 134.
LaTeX Font Info:    Checking defaults for TS1/cmr/m/n on input line 134.
LaTeX Font Info:    ... okay on input line 134.
LaTeX Font Info:    Checking defaults for OMX/cmex/m/n on input line 134.
LaTeX Font Info:    ... okay on input line 134.
LaTeX Font Info:    Checking defaults for U/cmr/m/n on input line 134.
LaTeX Font Info:    ... okay on input line 134.

(C:\Users\ncpd\AppData\Local\Programs\MiKTeX\tex/context/base/mkii\supp-pdf.mki
i
[Loading MPS to PDF converter (version 2006.09.02).]
\scratchcounter=\count307
\scratchdimen=\dimen259
\scratchbox=\box120
\nofMPsegments=\count308
\nofMParguments=\count309
\everyMPshowfont=\toks35
\MPscratchCnt=\count310
\MPscratchDim=\dimen260
\MPnumerator=\count311
\makeMPintoPDFobject=\count312
\everyMPtoPDFconversion=\toks36
)
(C:\Users\ncpd\AppData\Local\Programs\MiKTeX\tex/latex/epstopdf-pkg\epstopdf-ba
se.sty
Package: epstopdf-base 2020-01-24 v2.11 Base part for package epstopdf
Package epstopdf-base Info: Redefining graphics rule for `.eps' on input line 4
85.
)
*geometry* driver: auto-detecting
*geometry* detected driver: pdftex
*geometry* verbose mode - [ preamble ] result:
* driver: pdftex
* paper: a4paper
* layout: <same size as paper>
* layoutoffset:(h,v)=(0.0pt,0.0pt)
* modes: twoside 
* h-part:(L,W,R)=(71.13188pt, 455.24411pt, 71.13188pt)
* v-part:(T,H,B)=(71.13188pt, 702.78308pt, 71.13188pt)
* \paperwidth=597.50787pt
* \paperheight=845.04684pt
* \textwidth=455.24411pt
* \textheight=702.78308pt
* \oddsidemargin=-1.1381pt
* \evensidemargin=-1.1381pt
* \topmargin=-31.2056pt
* \headheight=12.0pt
* \headsep=18.06749pt
* \topskip=10.0pt
* \footskip=25.29494pt
* \marginparwidth=125.0pt
* \marginparsep=7.0pt
* \columnsep=10.0pt
* \skip\footins=9.0pt plus 4.0pt minus 2.0pt
* \hoffset=0.0pt
* \voffset=0.0pt
* \mag=1000
* \@twocolumnfalse
* \@twosidetrue
* \@mparswitchtrue
* \@reversemarginfalse
* (1in=72.27pt=25.4mm, 1cm=28.453pt)

Package caption Info: Begin \AtBeginDocument code.
Package caption Info: End \AtBeginDocument code.
\Etoc@tf=\read4
LaTeX Font Info:    Font shape `T1/phv/m/n' will be
(Font)              scaled to size 12.9599pt on input line 141.
LaTeX Font Info:    Font shape `T1/phv/m/n' will be
(Font)              scaled to size 6.29996pt on input line 141.
LaTeX Font Info:    Trying to load font information for U+msa on input line 141
.
(C:\Users\ncpd\AppData\Local\Programs\MiKTeX\tex/latex/amsfonts\umsa.fd
File: umsa.fd 2013/01/14 v3.01 AMS symbols A
)
LaTeX Font Info:    Trying to load font information for U+msb on input line 141
.

(C:\Users\ncpd\AppData\Local\Programs\MiKTeX\tex/latex/amsfonts\umsb.fd
File: umsb.fd 2013/01/14 v3.01 AMS symbols B
)
LaTeX Font Info:    Trying to load font information for U+wasy on input line 14
1.

(C:\Users\ncpd\AppData\Local\Programs\MiKTeX\tex/latex/wasysym\uwasy.fd
File: uwasy.fd 2020/01/19 v2.4 Wasy-2 symbol font definitions
)
LaTeX Font Info:    Font shape `T1/phv/m/n' will be
(Font)              scaled to size 10.79993pt on input line 143.

[1


{C:/Users/ncpd/AppData/Local/MiKTeX/pdftex/config/pdftex.map}] [2

]
\tf@toc=\write5
\openout5 = `refman.toc'.

LaTeX Font Info:    Font shape `T1/phv/b/n' will be
(Font)              scaled to size 8.99994pt on input line 149.
LaTeX Font Info:    Font shape `T1/phv/m/n' will be
(Font)              scaled to size 7.19995pt on input line 149.
LaTeX Font Info:    Trying to load font information for T1+pcr on input line 14
9.

(C:\Users\ncpd\AppData\Local\Programs\MiKTeX\tex/latex/psnfss\t1pcr.fd
File: t1pcr.fd 2001/06/04 font definitions for T1/pcr.
)
LaTeX Font Info:    Font shape `T1/phv/b/n' will be
(Font)              scaled to size 6.29996pt on input line 149.

[1] [2]
Chapter 1.
LaTeX Font Info:    Font shape `T1/phv/m/n' will be
(Font)              scaled to size 18.66588pt on input line 152.
LaTeX Font Info:    Font shape `T1/phv/b/n' will be
(Font)              scaled to size 18.66588pt on input line 152.
LaTeX Font Info:    Font shape `T1/phv/bc/n' will be
(Font)              scaled to size 18.66588pt on input line 152.
LaTeX Font Info:    Font shape `T1/phv/m/n' will be
(Font)              scaled to size 22.39185pt on input line 152.
LaTeX Font Info:    Font shape `T1/phv/b/n' will be
(Font)              scaled to size 22.39185pt on input line 152.
LaTeX Font Info:    Font shape `T1/phv/bc/n' will be
(Font)              scaled to size 22.39185pt on input line 152.
(hierarchy.tex
LaTeX Font Info:    Font shape `T1/phv/b/n' will be
(Font)              scaled to size 12.9599pt on input line 1.
) [1


] [2

]
Chapter 2.
(annotated.tex) [3] [4

]
Chapter 3.
(files.tex) [5] [6

]
Chapter 4.
(classbuffer__t.tex
LaTeX Font Info:    Font shape `T1/phv/b/n' will be
(Font)              scaled to size 10.79993pt on input line 3.
LaTeX Font Info:    Trying to load font information for TS1+phv on input line 6
.

(C:\Users\ncpd\AppData\Local\Programs\MiKTeX\tex/latex/psnfss\ts1phv.fd
File: ts1phv.fd 2020/03/25 scalable font definitions for TS1/phv.
)
LaTeX Font Info:    Font shape `TS1/phv/m/n' will be
(Font)              scaled to size 8.99994pt on input line 6.
LaTeX Font Info:    Font shape `T1/phv/m/n' will be
(Font)              scaled to size 8.09995pt on input line 7.
LaTeX Font Info:    Font shape `T1/phv/m/it' in size <9> not available
(Font)              Font shape `T1/phv/m/sl' tried instead on input line 7.
LaTeX Font Info:    Font shape `T1/phv/m/sl' will be
(Font)              scaled to size 8.09995pt on input line 7.
LaTeX Font Info:    Font shape `T1/phv/b/it' in size <9> not available
(Font)              Font shape `T1/phv/b/sl' tried instead on input line 7.
LaTeX Font Info:    Font shape `T1/phv/b/sl' will be
(Font)              scaled to size 8.09995pt on input line 7.
LaTeX Font Info:    Font shape `T1/phv/b/it' in size <7> not available
(Font)              Font shape `T1/phv/b/sl' tried instead on input line 7.
LaTeX Font Info:    Font shape `T1/phv/b/sl' will be
(Font)              scaled to size 6.29996pt on input line 7.
LaTeX Font Info:    Font shape `TS1/phv/m/it' in size <9> not available
(Font)              Font shape `TS1/phv/m/sl' tried instead on input line 11.
LaTeX Font Info:    Font shape `TS1/phv/m/sl' will be
(Font)              scaled to size 8.09995pt on input line 11.
LaTeX Font Info:    Font shape `T1/pcr/m/it' in size <8> not available
(Font)              Font shape `T1/pcr/m/sl' tried instead on input line 35.

[7]
LaTeX Font Info:    Font shape `T1/phv/b/n' will be
(Font)              scaled to size 7.19995pt on input line 54.
LaTeX Font Info:    Font shape `T1/pcr/m/it' in size <7> not available
(Font)              Font shape `T1/pcr/m/sl' tried instead on input line 55.

Underfull \hbox (badness 10000) detected at line 68
[][][]
 []

[8]
Underfull \hbox (badness 10000) detected at line 93
[][][]
 []


Underfull \hbox (badness 10000) detected at line 118
[][][]
 []

[9]
Underfull \hbox (badness 10000) detected at line 145
[][][]
 []


Underfull \hbox (badness 10000) detected at line 165
[][][]
 []


Underfull \hbox (badness 10000) detected at line 178
[][][]
 []

[10]
Underfull \hbox (badness 10000) detected at line 192
[][][]
 []


Underfull \hbox (badness 10000) detected at line 213
[][][]
 []


Underfull \hbox (badness 10000) detected at line 233
[][][]
 []

[11]
Underfull \hbox (badness 10000) detected at line 251
[][][]
 []

) (classdebug__write__file.tex [12]) (classsound__zone__protocol.tex

pdfTeX warning: pdflatex (file ./classsound__zone__protocol.pdf): PDF inclusion
: found PDF version <1.7>, but at most version <1.5> allowed
 <./classsound__zone__protocol.pdf>
<classsound__zone__protocol.pdf, id=62, 501.875pt x 142.5325pt>
File: classsound__zone__protocol.pdf Graphic file (type pdf)
<use classsound__zone__protocol.pdf>
Package pdftex.def Info: classsound__zone__protocol.pdf  used on input line 6.
(pdftex.def)             Requested size: 200.3712pt x 56.9055pt.
 [13]
Underfull \hbox (badness 10000) detected at line 85
[][][]
 []

[14]
Underfull \hbox (badness 10000) detected at line 110
[][][]
 []


Underfull \hbox (badness 10000) detected at line 123
[][][]
 []


Overfull \vbox (5.57413pt too high) has occurred while \output is active []


[15]
Underfull \hbox (badness 10000) detected at line 141
[][][]
 []


Underfull \hbox (badness 10000) detected at line 170
[][][]
 []


Underfull \hbox (badness 10000) detected at line 188
[][][]
 []

[16]
Underfull \hbox (badness 10000) detected at line 217
[][][]
 []

[17]
Underfull \hbox (badness 10000) detected at line 244
[][][]
 []

) (class_s_z_p__master.tex

pdfTeX warning: pdflatex (file ./class_s_z_p__master.pdf): PDF inclusion: found
 PDF version <1.7>, but at most version <1.5> allowed
 <./class_s_z_p__master.pdf>
<class_s_z_p__master.pdf, id=84, 501.875pt x 285.065pt>
File: class_s_z_p__master.pdf Graphic file (type pdf)
<use class_s_z_p__master.pdf>
Package pdftex.def Info: class_s_z_p__master.pdf  used on input line 6.
(pdftex.def)             Requested size: 100.18176pt x 56.9055pt.
 [18]
Underfull \hbox (badness 10000) detected at line 40
[][][]
 []


Underfull \hbox (badness 10000) detected at line 63
[][][]
 []

[19] [20]
Underfull \hbox (badness 10000) detected at line 92
[][][]
 []

) (class_s_z_p__slave.tex

pdfTeX warning: pdflatex (file ./class_s_z_p__slave.pdf): PDF inclusion: found 
PDF version <1.7>, but at most version <1.5> allowed
 <./class_s_z_p__slave.pdf>
<class_s_z_p__slave.pdf, id=99, 501.875pt x 285.065pt>
File: class_s_z_p__slave.pdf Graphic file (type pdf)
<use class_s_z_p__slave.pdf>
Package pdftex.def Info: class_s_z_p__slave.pdf  used on input line 6.
(pdftex.def)             Requested size: 100.18176pt x 56.9055pt.
 [21]
Underfull \hbox (badness 10000) detected at line 60
[][][]
 []


Underfull \hbox (badness 10000) detected at line 80
[][][]
 []

[22]
Underfull \hbox (badness 10000) detected at line 93
[][][]
 []

) (classx01__send__sound__packet.tex [23]
Underfull \hbox (badness 10000) detected at line 64
[][][]
 []


Underfull \hbox (badness 10000) detected at line 78
[][][]
 []

[24]
Underfull \hbox (badness 10000) detected at line 98
[][][]
 []


Underfull \hbox (badness 10000) detected at line 116
[][][]
 []


Underfull \hbox (badness 10000) detected at line 134
[][][]
 []

[25]
Underfull \hbox (badness 10000) detected at line 161
[][][]
 []

) (classx_f1__check__connection.tex [26]
Underfull \hbox (badness 10000) detected at line 50
[][][]
 []


Underfull \hbox (badness 10000) detected at line 63
[][][]
 []

[27]
Underfull \hbox (badness 10000) detected at line 81
[][][]
 []

) [28]
Chapter 5.
(debug__methods_8h_source.tex
Overfull \hbox (78.1555pt too wide) in paragraph at lines 5--5
[]\T1/pcr/m/n/7 /**************************************************************
*********************************************************[]  
 []


Overfull \hbox (73.9555pt too wide) in paragraph at lines 13--13
\T1/pcr/m/n/7 *****************************************************************
*****************************************************/[]  
 []


Overfull \hbox (73.9555pt too wide) in paragraph at lines 18--18
[]\T1/pcr/m/n/7 /**************************************************************
********************************************************[]  
 []


Overfull \hbox (73.9555pt too wide) in paragraph at lines 20--20
\T1/pcr/m/n/7 *****************************************************************
*****************************************************/[]  
 []


Overfull \hbox (73.9555pt too wide) in paragraph at lines 27--27
[]\T1/pcr/m/n/7 /**************************************************************
********************************************************[]  
 []


Overfull \hbox (73.9555pt too wide) in paragraph at lines 29--29
\T1/pcr/m/n/7 *****************************************************************
*****************************************************/[]  
 []

) (sound__zone__protocol_8h_source.tex
Overfull \hbox (78.1555pt too wide) in paragraph at lines 5--5
[]\T1/pcr/m/n/7 /**************************************************************
*********************************************************[]  
 []

[29

]
Overfull \hbox (73.9555pt too wide) in paragraph at lines 15--15
\T1/pcr/m/n/7 *****************************************************************
*****************************************************/[]  
 []


Overfull \hbox (73.9555pt too wide) in paragraph at lines 20--20
[]\T1/pcr/m/n/7 /**************************************************************
********************************************************[]  
 []


Overfull \hbox (73.9555pt too wide) in paragraph at lines 22--22
\T1/pcr/m/n/7 *****************************************************************
*****************************************************/[]  
 []


Overfull \hbox (73.9555pt too wide) in paragraph at lines 32--32
[]\T1/pcr/m/n/7 /**************************************************************
********************************************************[]  
 []


Overfull \hbox (73.9555pt too wide) in paragraph at lines 34--34
\T1/pcr/m/n/7 *****************************************************************
*****************************************************/[]  
 []

) (szp__custom__types_8h_source.tex
Overfull \hbox (78.1555pt too wide) in paragraph at lines 5--5
[]\T1/pcr/m/n/7 /**************************************************************
*********************************************************[]  
 []


Overfull \hbox (73.9555pt too wide) in paragraph at lines 13--13
\T1/pcr/m/n/7 *****************************************************************
*****************************************************/[]  
 []


Overfull \hbox (73.9555pt too wide) in paragraph at lines 18--18
[]\T1/pcr/m/n/7 /**************************************************************
********************************************************[]  
 []

[30]
Overfull \hbox (73.9555pt too wide) in paragraph at lines 20--20
\T1/pcr/m/n/7 *****************************************************************
*****************************************************/[]  
 []


Overfull \hbox (73.9555pt too wide) in paragraph at lines 24--24
[]\T1/pcr/m/n/7 /**************************************************************
********************************************************[]  
 []


Overfull \hbox (73.9555pt too wide) in paragraph at lines 26--26
\T1/pcr/m/n/7 *****************************************************************
*****************************************************/[]  
 []


Overfull \hbox (73.9555pt too wide) in paragraph at lines 36--36
[]\T1/pcr/m/n/7 /**************************************************************
********************************************************[]  
 []


Overfull \hbox (73.9555pt too wide) in paragraph at lines 38--38
\T1/pcr/m/n/7 *****************************************************************
*****************************************************/[]  
 []

) (szp__master_8h_source.tex
Overfull \hbox (78.1555pt too wide) in paragraph at lines 5--5
[]\T1/pcr/m/n/7 /**************************************************************
*********************************************************[]  
 []


Overfull \hbox (73.9555pt too wide) in paragraph at lines 13--13
\T1/pcr/m/n/7 *****************************************************************
*****************************************************/[]  
 []


Overfull \hbox (73.9555pt too wide) in paragraph at lines 18--18
[]\T1/pcr/m/n/7 /**************************************************************
********************************************************[]  
 []


Overfull \hbox (73.9555pt too wide) in paragraph at lines 20--20
\T1/pcr/m/n/7 *****************************************************************
*****************************************************/[]  
 []

[31]
Overfull \hbox (73.9555pt too wide) in paragraph at lines 26--26
[]\T1/pcr/m/n/7 /**************************************************************
********************************************************[]  
 []


Overfull \hbox (73.9555pt too wide) in paragraph at lines 28--28
\T1/pcr/m/n/7 *****************************************************************
*****************************************************/[]  
 []


Overfull \hbox (73.9555pt too wide) in paragraph at lines 32--32
[]\T1/pcr/m/n/7 /**************************************************************
********************************************************[]  
 []


Overfull \hbox (73.9555pt too wide) in paragraph at lines 34--34
\T1/pcr/m/n/7 *****************************************************************
*****************************************************/[]  
 []

) (szp__slave_8h_source.tex
Overfull \hbox (78.1555pt too wide) in paragraph at lines 5--5
[]\T1/pcr/m/n/7 /**************************************************************
*********************************************************[]  
 []


Overfull \hbox (73.9555pt too wide) in paragraph at lines 13--13
\T1/pcr/m/n/7 *****************************************************************
*****************************************************/[]  
 []


Overfull \hbox (73.9555pt too wide) in paragraph at lines 18--18
[]\T1/pcr/m/n/7 /**************************************************************
********************************************************[]  
 []


Overfull \hbox (73.9555pt too wide) in paragraph at lines 20--20
\T1/pcr/m/n/7 *****************************************************************
*****************************************************/[]  
 []


Overfull \hbox (73.9555pt too wide) in paragraph at lines 25--25
[]\T1/pcr/m/n/7 /**************************************************************
********************************************************[]  
 []


Overfull \hbox (73.9555pt too wide) in paragraph at lines 27--27
\T1/pcr/m/n/7 *****************************************************************
*****************************************************/[]  
 []


Overfull \hbox (73.9555pt too wide) in paragraph at lines 31--31
[]\T1/pcr/m/n/7 /**************************************************************
********************************************************[]  
 []


Overfull \hbox (73.9555pt too wide) in paragraph at lines 33--33
\T1/pcr/m/n/7 *****************************************************************
*****************************************************/[]  
 []

[32]) (x01__send__sound__packet_8h_source.tex
Overfull \hbox (78.1555pt too wide) in paragraph at lines 5--5
[]\T1/pcr/m/n/7 /**************************************************************
*********************************************************[]  
 []


Overfull \hbox (73.9555pt too wide) in paragraph at lines 13--13
\T1/pcr/m/n/7 *****************************************************************
*****************************************************/[]  
 []


Overfull \hbox (73.9555pt too wide) in paragraph at lines 18--18
[]\T1/pcr/m/n/7 /**************************************************************
********************************************************[]  
 []


Overfull \hbox (73.9555pt too wide) in paragraph at lines 20--20
\T1/pcr/m/n/7 *****************************************************************
*****************************************************/[]  
 []


Overfull \hbox (73.9555pt too wide) in paragraph at lines 26--26
[]\T1/pcr/m/n/7 /**************************************************************
********************************************************[]  
 []


Overfull \hbox (73.9555pt too wide) in paragraph at lines 28--28
\T1/pcr/m/n/7 *****************************************************************
*****************************************************/[]  
 []


Overfull \hbox (73.9555pt too wide) in paragraph at lines 32--32
[]\T1/pcr/m/n/7 /**************************************************************
********************************************************[]  
 []


Overfull \hbox (73.9555pt too wide) in paragraph at lines 34--34
\T1/pcr/m/n/7 *****************************************************************
*****************************************************/[]  
 []

[33]) (x_f1__check__connection_8h_source.tex
Overfull \hbox (78.1555pt too wide) in paragraph at lines 5--5
[]\T1/pcr/m/n/7 /**************************************************************
*********************************************************[]  
 []


Overfull \hbox (73.9555pt too wide) in paragraph at lines 13--13
\T1/pcr/m/n/7 *****************************************************************
*****************************************************/[]  
 []


Overfull \hbox (73.9555pt too wide) in paragraph at lines 18--18
[]\T1/pcr/m/n/7 /**************************************************************
********************************************************[]  
 []


Overfull \hbox (73.9555pt too wide) in paragraph at lines 20--20
\T1/pcr/m/n/7 *****************************************************************
*****************************************************/[]  
 []


Overfull \hbox (73.9555pt too wide) in paragraph at lines 25--25
[]\T1/pcr/m/n/7 /**************************************************************
********************************************************[]  
 []


Overfull \hbox (73.9555pt too wide) in paragraph at lines 27--27
\T1/pcr/m/n/7 *****************************************************************
*****************************************************/[]  
 []

) [34] (refman.ind
Overfull \hbox (122.57573pt too wide) in paragraph at lines 25--27
[]\T1/phv/m/n/10 C:/Users/ncpd/Documents/GitHub/szs_soundzone_protocol/include/
debug_methods.h,
 []


Overfull \hbox (144.26534pt too wide) in paragraph at lines 27--29
[]\T1/phv/m/n/10 C:/Users/ncpd/Documents/GitHub/szs_soundzone_protocol/include/
sound_zone_protocol.h,
 []


Overfull \hbox (132.74571pt too wide) in paragraph at lines 29--31
[]\T1/phv/m/n/10 C:/Users/ncpd/Documents/GitHub/szs_soundzone_protocol/include/
szp_custom_types.h,
 []


Overfull \hbox (104.41403pt too wide) in paragraph at lines 31--33
[]\T1/phv/m/n/10 C:/Users/ncpd/Documents/GitHub/szs_soundzone_protocol/include/
szp_master.h,
 []


Overfull \hbox (97.82635pt too wide) in paragraph at lines 33--35
[]\T1/phv/m/n/10 C:/Users/ncpd/Documents/GitHub/szs_soundzone_protocol/include/
szp_slave.h,
 []


Overfull \hbox (158.05319pt too wide) in paragraph at lines 35--37
[]\T1/phv/m/n/10 C:/Users/ncpd/Documents/GitHub/szs_soundzone_protocol/include/
x01_send_sound_packet.h,
 []


Overfull \hbox (150.2144pt too wide) in paragraph at lines 37--39
[]\T1/phv/m/n/10 C:/Users/ncpd/Documents/GitHub/szs_soundzone_protocol/include/
xF1_check_connection.h,
 []

[35



] [36

]) (refman.aux) ) 
Here is how much of TeX's memory you used:
 10340 strings out of 479334
 159631 string characters out of 2857559
 492830 words of memory out of 3000000
 27512 multiletter control sequences out of 15000+200000
 469675 words of font info for 105 fonts, out of 3000000 for 9000
 1141 hyphenation exceptions out of 8191
 112i,16n,117p,580b,614s stack positions out of 5000i,500n,10000p,200000b,50000s
{C:/Users/ncpd/AppData/Local/Programs/MiKTeX/fonts/enc/dvips/b
ase/8r.enc}<C:/Users/ncpd/AppData/Local/Programs/MiKTeX/fonts/type1/public/amsf
onts/cm/cmsy10.pfb><C:/Users/ncpd/AppData/Local/Programs/MiKTeX/fonts/type1/pub
lic/amsfonts/cm/cmsy8.pfb><C:/Users/ncpd/AppData/Local/Programs/MiKTeX/fonts/ty
pe1/urw/courier/ucrb8a.pfb><C:/Users/ncpd/AppData/Local/Programs/MiKTeX/fonts/t
ype1/urw/courier/ucrr8a.pfb><C:/Users/ncpd/AppData/Local/Programs/MiKTeX/fonts/
type1/urw/courier/ucrro8a.pfb><C:/Users/ncpd/AppData/Local/Programs/MiKTeX/font
s/type1/urw/helvetic/uhvb8a.pfb><C:/Users/ncpd/AppData/Local/Programs/MiKTeX/fo
nts/type1/urw/helvetic/uhvb8ac.pfb><C:/Users/ncpd/AppData/Local/Programs/MiKTeX
/fonts/type1/urw/helvetic/uhvbo8a.pfb><C:/Users/ncpd/AppData/Local/Programs/MiK
TeX/fonts/type1/urw/helvetic/uhvr8a.pfb><C:/Users/ncpd/AppData/Local/Programs/M
iKTeX/fonts/type1/urw/helvetic/uhvro8a.pfb>
Output written on refman.pdf (40 pages, 175538 bytes).
PDF statistics:
 191 PDF objects out of 1000 (max. 8388607)
 0 named destinations out of 1000 (max. 500000)
 16 words of extra memory for PDF output out of 10000 (max. 10000000)

